[2024-04-30 21:18:09.081 - WARNING] TCP Port 9630 in use.
[2024-04-30 21:33:17.879 - WARNING] :shadow.cljs.devtools.server/socket-read-ex
ReaderException java.net.SocketException: Socket closed #:clojure.error{:line 2, :column 1}
	clojure.lang.LispReader.read (LispReader.java:314)
	clojure.lang.LispReader.read (LispReader.java:216)
	clojure.lang.LispReader.read (LispReader.java:210)
	clojure.core/read (core.clj:3767)
	clojure.core/read (core.clj:3742)
	clojure.core/read (core.clj:3742)
	shadow.cljs.devtools.server/from-cli/fn--19544/fn--19545 (server.clj:686)
	shadow.cljs.devtools.server/from-cli/fn--19544 (server.clj:685)
	clojure.core/binding-conveyor-fn/fn--5823 (core.clj:2047)
	java.util.concurrent.FutureTask.run (FutureTask.java:317)
	java.util.concurrent.ThreadPoolExecutor.runWorker (ThreadPoolExecutor.java:1144)
	java.util.concurrent.ThreadPoolExecutor$Worker.run (ThreadPoolExecutor.java:642)
Caused by:
SocketException Socket closed
	sun.nio.ch.NioSocketImpl.endRead (NioSocketImpl.java:243)
	sun.nio.ch.NioSocketImpl.implRead (NioSocketImpl.java:323)
	sun.nio.ch.NioSocketImpl.read (NioSocketImpl.java:346)
	sun.nio.ch.NioSocketImpl$1.read (NioSocketImpl.java:796)
	java.net.Socket$SocketInputStream.implRead (Socket.java:1108)
	java.net.Socket$SocketInputStream.read (Socket.java:1095)
	sun.nio.cs.StreamDecoder.readBytes (StreamDecoder.java:350)
	sun.nio.cs.StreamDecoder.implRead (StreamDecoder.java:393)
	sun.nio.cs.StreamDecoder.lockedRead (StreamDecoder.java:217)
	sun.nio.cs.StreamDecoder.read (StreamDecoder.java:171)
	java.io.InputStreamReader.read (InputStreamReader.java:186)
	java.io.BufferedReader.fill (BufferedReader.java:160)
